Using pre-set license
Built from '2020.3/release' branch; Version is '2020.3.12f1 (b3b2c6512326) revision 11776710'; Using compiler version '192528614'; Build Type 'Release'
OS: 'Windows 10 Education; OS build 19042.1165; Version 2009; 64bit' Language: 'en' Physical Memory: 16231 MB
BatchMode: 1, IsHumanControllingUs: 0, StartBugReporterOnCrash: 0, Is64bit: 1, IsPro: 0

 COMMAND LINE ARGUMENTS:
D:\Unity\2020.3.12f1\Editor\Unity.exe
-adb2
-batchMode
-noUpm
-name
AssetImportWorker0
-projectPath
D:/Github/FlappyAI/FlappyAI
-logFile
Logs/AssetImportWorker0.log
-srvPort
60549
Successfully changed project path to: D:/Github/FlappyAI/FlappyAI
D:/Github/FlappyAI/FlappyAI
Using Asset Import Pipeline V2.
Refreshing native plugins compatible for Editor in 49.86 ms, found 3 plugins.
Preloading 0 native plugins for Editor in 0.00 ms.
Initialize engine version: 2020.3.12f1 (b3b2c6512326)
[Subsystems] Discovering subsystems at path D:/Unity/2020.3.12f1/Editor/Data/Resources/UnitySubsystems
[Subsystems] Discovering subsystems at path D:/Github/FlappyAI/FlappyAI/Assets
GfxDevice: creating device client; threaded=0
Direct3D:
    Version:  Direct3D 11.0 [level 11.1]
    Renderer: NVIDIA GeForce GTX 1050 Ti (ID=0x1c8f)
    Vendor:   
    VRAM:     4021 MB
    Driver:   30.0.14.7111
Initialize mono
Mono path[0] = 'D:/Unity/2020.3.12f1/Editor/Data/Managed'
Mono path[1] = 'D:/Unity/2020.3.12f1/Editor/Data/MonoBleedingEdge/lib/mono/unityjit'
Mono config path = 'D:/Unity/2020.3.12f1/Editor/Data/MonoBleedingEdge/etc'
Using monoOptions --debugger-agent=transport=dt_socket,embedding=1,server=y,suspend=n,address=127.0.0.1:56360
Begin MonoManager ReloadAssembly
Registering precompiled unity dll's ...
Register platform support module: D:/Unity/2020.3.12f1/Editor/Data/PlaybackEngines/WindowsStandaloneSupport/UnityEditor.WindowsStandalone.Extensions.dll
Registered in 0.001850 seconds.
Native extension for WindowsStandalone target not found
Refreshing native plugins compatible for Editor in 55.00 ms, found 3 plugins.
Preloading 0 native plugins for Editor in 0.00 ms.
Mono: successfully reloaded assembly
- Completed reload, in  3.719 seconds
Platform modules already initialized, skipping
Registering precompiled user dll's ...
Registered in 0.011189 seconds.
Begin MonoManager ReloadAssembly
Native extension for WindowsStandalone target not found
Refreshing native plugins compatible for Editor in 47.31 ms, found 3 plugins.
Preloading 0 native plugins for Editor in 0.00 ms.
Mono: successfully reloaded assembly
- Completed reload, in  2.726 seconds
Platform modules already initialized, skipping
========================================================================
Worker process is ready to serve import requests
Launched and connected shader compiler UnityShaderCompiler.exe after 0.09 seconds
Refreshing native plugins compatible for Editor in 0.79 ms, found 3 plugins.
Preloading 0 native plugins for Editor in 0.00 ms.
Unloading 1848 Unused Serialized files (Serialized files now loaded: 0)
System memory in use before: 86.7 MB.
System memory in use after: 86.7 MB.

Unloading 32 unused Assets to reduce memory usage. Loaded Objects now: 2268.
Total: 3.838600 ms (FindLiveObjects: 0.580400 ms CreateObjectMapping: 0.185200 ms MarkObjects: 2.966800 ms  DeleteObjects: 0.104700 ms)

AssetImportParameters requested are different than current active one (requested -> active):
  custom:framework-win-MediaFoundation: 216162199b28c13a410421893ffa2e32 -> 
  custom:video-decoder-ogg-theora: a1e56fd34408186e4bbccfd4996cb3dc -> 
  custom:container-muxer-webm: aa71ff27fc2769a1b78a27578f13a17b -> 
  custom:container-demuxer-webm: 4f35f7cbe854078d1ac9338744f61a02 -> 
  custom:container-demuxer-ogg: 62fdf1f143b41e24485cea50d1cbac27 -> 
  custom:video-encoder-webm-vp8: eb34c28f22e8b96e1ab97ce403110664 -> 
  custom:video-decoder-webm-vp8: 9c59270c3fd7afecdb556c50c9e8de78 -> 
  custom:audio-decoder-ogg-vorbis: bf7c407c2cedff20999df2af8eb42d56 -> 
  custom:audio-encoder-webm-vorbis: bf7c407c2cedff20999df2af8eb42d56 -> 
========================================================================
Received Import Request.
  path: Packages/com.unity.ml-agents/Tests/Runtime
  artifactKey: Guid(fec0f6b603d3046f086e09ea2a44ed1f) Importer(815301076,1909f56bfc062723c751e8b465ee728b)
Start importing Packages/com.unity.ml-agents/Tests/Runtime using Guid(fec0f6b603d3046f086e09ea2a44ed1f) Importer(815301076,1909f56bfc062723c751e8b465ee728b)  -> (artifact id: 'a9d9a27ec599ebee50681a5ee7a82389') in 0.011915 seconds 
  Import took 0.061079 seconds .

========================================================================
Received Import Request.
  Time since last request: 0.000233 seconds.
  path: Packages/com.unity.ml-agents/Tests/Editor
  artifactKey: Guid(b779986bc10d84f2aa8601a3f1c763ff) Importer(815301076,1909f56bfc062723c751e8b465ee728b)
Start importing Packages/com.unity.ml-agents/Tests/Editor using Guid(b779986bc10d84f2aa8601a3f1c763ff) Importer(815301076,1909f56bfc062723c751e8b465ee728b)  -> (artifact id: 'a090ac5e7b652e9125748dbe8be5eaef') in 0.007197 seconds 
  Import took 0.010562 seconds .

========================================================================
Received Import Request.
  Time since last request: 0.000312 seconds.
  path: Packages/com.unity.ml-agents/Tests/Runtime/Unity.ML-Agents.Runtime.Tests.asmdef
  artifactKey: Guid(d29014db7ebcd4cf4a14f537fbf02110) Importer(815301076,1909f56bfc062723c751e8b465ee728b)
Start importing Packages/com.unity.ml-agents/Tests/Runtime/Unity.ML-Agents.Runtime.Tests.asmdef using Guid(d29014db7ebcd4cf4a14f537fbf02110) Importer(815301076,1909f56bfc062723c751e8b465ee728b)  -> (artifact id: '8e4daefd849644f493cb12d585711955') in 0.046846 seconds 
  Import took 0.051380 seconds .

========================================================================
Received Import Request.
  Time since last request: 0.000427 seconds.
  path: Packages/com.unity.ml-agents/Tests
  artifactKey: Guid(2715dc4ceb2c345df9ba92d799ae72ff) Importer(815301076,1909f56bfc062723c751e8b465ee728b)
Start importing Packages/com.unity.ml-agents/Tests using Guid(2715dc4ceb2c345df9ba92d799ae72ff) Importer(815301076,1909f56bfc062723c751e8b465ee728b)  -> (artifact id: '6a242503b5f895b441662647ad32883d') in 0.010054 seconds 
  Import took 0.013723 seconds .

========================================================================
Received Import Request.
  Time since last request: 0.000263 seconds.
  path: Packages/com.unity.ml-agents/Tests/Editor/Unity.ML-Agents.Editor.Tests.asmdef
  artifactKey: Guid(57f6004a925b546cd94e94ed518e275d) Importer(815301076,1909f56bfc062723c751e8b465ee728b)
Start importing Packages/com.unity.ml-agents/Tests/Editor/Unity.ML-Agents.Editor.Tests.asmdef using Guid(57f6004a925b546cd94e94ed518e275d) Importer(815301076,1909f56bfc062723c751e8b465ee728b)  -> (artifact id: 'b354d93bbec63aa0a6dd1ae18c2308b5') in 0.008424 seconds 
  Import took 0.012200 seconds .

========================================================================
Received Import Request.
  Time since last request: 2.379680 seconds.
  path: Packages/com.unity.ml-agents/Runtime
  artifactKey: Guid(a3a287cfa95bf4bdcad4997f7d48153b) Importer(815301076,1909f56bfc062723c751e8b465ee728b)
Start importing Packages/com.unity.ml-agents/Runtime using Guid(a3a287cfa95bf4bdcad4997f7d48153b) Importer(815301076,1909f56bfc062723c751e8b465ee728b)  -> (artifact id: '150acb619e33a516b8b30101b803fa5d') in 0.008608 seconds 
  Import took 0.011957 seconds .

========================================================================
Received Import Request.
  Time since last request: 2.849964 seconds.
  path: Packages/com.unity.ml-agents/com.unity.ml-agents.sln.DotSettings
  artifactKey: Guid(c8f6f0111d3fb4d71af892263a7a614d) Importer(815301076,1909f56bfc062723c751e8b465ee728b)
Start importing Packages/com.unity.ml-agents/com.unity.ml-agents.sln.DotSettings using Guid(c8f6f0111d3fb4d71af892263a7a614d) Importer(815301076,1909f56bfc062723c751e8b465ee728b)  -> (artifact id: '532775d2cef3d52a93ebd4b95fd95bae') in 0.023704 seconds 
  Import took 0.027761 seconds .

========================================================================
Received Import Request.
  Time since last request: 10.561566 seconds.
  path: Packages/com.unity.ml-agents/Runtime/Unity.ML-Agents.asmdef
  artifactKey: Guid(85e0054f8e64b47309646d35f8851f81) Importer(815301076,1909f56bfc062723c751e8b465ee728b)
Start importing Packages/com.unity.ml-agents/Runtime/Unity.ML-Agents.asmdef using Guid(85e0054f8e64b47309646d35f8851f81) Importer(815301076,1909f56bfc062723c751e8b465ee728b)  -> (artifact id: 'e9d5011f96b8abcc4446ed07fad66d36') in 0.007969 seconds 
  Import took 0.011218 seconds .

========================================================================
Received Import Request.
  Time since last request: 14.587413 seconds.
  path: Packages/com.unity.ml-agents/Tests/Editor/TestModels
  artifactKey: Guid(95997790219c547e584c3cb50122a95f) Importer(815301076,1909f56bfc062723c751e8b465ee728b)
Start importing Packages/com.unity.ml-agents/Tests/Editor/TestModels using Guid(95997790219c547e584c3cb50122a95f) Importer(815301076,1909f56bfc062723c751e8b465ee728b)  -> (artifact id: 'f4cb87286ee46f85618a0226d8aada73') in 0.012668 seconds 
  Import took 0.016322 seconds .

========================================================================
Received Import Request.
  Time since last request: 0.077802 seconds.
  path: Packages/com.unity.ml-agents/Tests/Editor/TestModels/continuous2vis8vec2action.nn
  artifactKey: Guid(a75582ff670094ff2996c1c4ab9dfd15) Importer(815301076,1909f56bfc062723c751e8b465ee728b)
Start importing Packages/com.unity.ml-agents/Tests/Editor/TestModels/continuous2vis8vec2action.nn using Guid(a75582ff670094ff2996c1c4ab9dfd15) Importer(815301076,1909f56bfc062723c751e8b465ee728b) NullReferenceException
  at (wrapper managed-to-native) UnityEditor.EditorUtility.CopySerialized(UnityEngine.Object,UnityEngine.Object)
  at Unity.Barracuda.NNModelEditor.RenderStaticPreview (System.String assetPath, UnityEngine.Object[] subAssets, System.Int32 width, System.Int32 height) [0x00009] in D:\Github\FlappyAI\FlappyAI\Library\PackageCache\com.unity.barracuda@1.0.4\Barracuda\Editor\ONNXModelImporterEditor.cs:85 
  at UnityEditor.AssetPreviewUpdater.CreatePreviewForAsset (UnityEngine.Object obj, UnityEngine.Object[] subAssets, System.String assetPath) [0x0008a] in <dc14d30a5e0540ee9311ed6df63d9074>:0 

(Filename: Library/PackageCache/com.unity.barracuda@1.0.4/Barracuda/Editor/ONNXModelImporterEditor.cs Line: 85)

 -> (artifact id: '50aeb582f24e89f6186a2964128a0220') in 0.051705 seconds 
  Import took 0.108764 seconds .

========================================================================
Received Import Request.
  Time since last request: 0.010301 seconds.
  path: Packages/com.unity.ml-agents/Tests/Editor/TestModels/discrete1vis0vec_2_3action_recurr.nn
  artifactKey: Guid(8a92fbcd96caa4ef5a93dd55c0c36705) Importer(815301076,1909f56bfc062723c751e8b465ee728b)
Start importing Packages/com.unity.ml-agents/Tests/Editor/TestModels/discrete1vis0vec_2_3action_recurr.nn using Guid(8a92fbcd96caa4ef5a93dd55c0c36705) Importer(815301076,1909f56bfc062723c751e8b465ee728b) NullReferenceException
  at (wrapper managed-to-native) UnityEditor.EditorUtility.CopySerialized(UnityEngine.Object,UnityEngine.Object)
  at Unity.Barracuda.NNModelEditor.RenderStaticPreview (System.String assetPath, UnityEngine.Object[] subAssets, System.Int32 width, System.Int32 height) [0x00009] in D:\Github\FlappyAI\FlappyAI\Library\PackageCache\com.unity.barracuda@1.0.4\Barracuda\Editor\ONNXModelImporterEditor.cs:85 
  at UnityEditor.AssetPreviewUpdater.CreatePreviewForAsset (UnityEngine.Object obj, UnityEngine.Object[] subAssets, System.String assetPath) [0x0008a] in <dc14d30a5e0540ee9311ed6df63d9074>:0 

(Filename: Library/PackageCache/com.unity.barracuda@1.0.4/Barracuda/Editor/ONNXModelImporterEditor.cs Line: 85)

 -> (artifact id: 'cdf61a55b524367e38e6df5eb9bacca5') in 0.029692 seconds 
  Import took 0.033452 seconds .

========================================================================
Received Import Request.
  Time since last request: 4.882771 seconds.
  path: Packages/com.unity.ml-agents/Tests/Editor/PublicAPI
  artifactKey: Guid(f5aa894d83ebc411581c8475cd2f9ae0) Importer(815301076,1909f56bfc062723c751e8b465ee728b)
Start importing Packages/com.unity.ml-agents/Tests/Editor/PublicAPI using Guid(f5aa894d83ebc411581c8475cd2f9ae0) Importer(815301076,1909f56bfc062723c751e8b465ee728b)  -> (artifact id: '339175eb160e6f16b1896e6babe27fcb') in 0.020947 seconds 
  Import took 0.132995 seconds .

========================================================================
Received Import Request.
  Time since last request: 0.000340 seconds.
  path: Packages/com.unity.ml-agents/Tests/Editor/PublicAPI/Unity.ML-Agents.Editor.Tests.PublicAPI.asmdef
  artifactKey: Guid(38254a2538c8f42fb9f2057d17fd0e70) Importer(815301076,1909f56bfc062723c751e8b465ee728b)
Start importing Packages/com.unity.ml-agents/Tests/Editor/PublicAPI/Unity.ML-Agents.Editor.Tests.PublicAPI.asmdef using Guid(38254a2538c8f42fb9f2057d17fd0e70) Importer(815301076,1909f56bfc062723c751e8b465ee728b)  -> (artifact id: 'ef586261bcddcf51cadb247834fe0b20') in 0.016026 seconds 
  Import took 0.040978 seconds .

========================================================================
Received Import Request.
  Time since last request: 3.193135 seconds.
  path: Packages/com.unity.ml-agents/Tests/Editor/Communicator
  artifactKey: Guid(da8f640243c749388a0329393c8fce64) Importer(815301076,1909f56bfc062723c751e8b465ee728b)
Start importing Packages/com.unity.ml-agents/Tests/Editor/Communicator using Guid(da8f640243c749388a0329393c8fce64) Importer(815301076,1909f56bfc062723c751e8b465ee728b)  -> (artifact id: 'd3619e2bbd20887e8588730ee0136bcf') in 0.012559 seconds 
  Import took 0.016650 seconds .

========================================================================
Received Import Request.
  Time since last request: 3.271710 seconds.
  path: Packages/com.unity.ml-agents/Tests/Editor/Analytics
  artifactKey: Guid(adbf291ff40848a296523d69a5be65a5) Importer(815301076,1909f56bfc062723c751e8b465ee728b)
Start importing Packages/com.unity.ml-agents/Tests/Editor/Analytics using Guid(adbf291ff40848a296523d69a5be65a5) Importer(815301076,1909f56bfc062723c751e8b465ee728b)  -> (artifact id: 'a26c082264b997a85114dc7a73405c6b') in 0.008830 seconds 
  Import took 0.011805 seconds .

========================================================================
Received Import Request.
  Time since last request: 4.311118 seconds.
  path: Packages/com.unity.ml-agents/Tests/Editor/Sensor
  artifactKey: Guid(1b196836e6e3a4361bc62265ec88ebed) Importer(815301076,1909f56bfc062723c751e8b465ee728b)
Start importing Packages/com.unity.ml-agents/Tests/Editor/Sensor using Guid(1b196836e6e3a4361bc62265ec88ebed) Importer(815301076,1909f56bfc062723c751e8b465ee728b)  -> (artifact id: '8996ab49b74e9239457a8a65cf0f53e4') in 0.017095 seconds 
  Import took 0.023793 seconds .

========================================================================
Received Import Request.
  Time since last request: 14.849487 seconds.
  path: Packages/com.unity.ml-agents/CHANGELOG.md
  artifactKey: Guid(e19737407870a49abaaa1a90dae1a334) Importer(815301076,1909f56bfc062723c751e8b465ee728b)
Start importing Packages/com.unity.ml-agents/CHANGELOG.md using Guid(e19737407870a49abaaa1a90dae1a334) Importer(815301076,1909f56bfc062723c751e8b465ee728b)  -> (artifact id: '6f9239dd32efcc5fe0e17e987280acf6') in 0.010162 seconds 
  Import took 0.013330 seconds .

========================================================================
Received Import Request.
  Time since last request: 0.066381 seconds.
  path: Packages/com.unity.ml-agents/CHANGELOG.md
  artifactKey: Guid(e19737407870a49abaaa1a90dae1a334) Importer(815301076,1909f56bfc062723c751e8b465ee728b)
Start importing Packages/com.unity.ml-agents/CHANGELOG.md using Guid(e19737407870a49abaaa1a90dae1a334) Importer(815301076,1909f56bfc062723c751e8b465ee728b)  -> (artifact id: '6f9239dd32efcc5fe0e17e987280acf6') in 0.005358 seconds 
  Import took 0.008234 seconds .

========================================================================
Received Import Request.
  Time since last request: 3.759194 seconds.
  path: Packages/com.unity.ml-agents/Third Party Notices.md
  artifactKey: Guid(3fb7f1407083340b8921a0520b2d8870) Importer(815301076,1909f56bfc062723c751e8b465ee728b)
Start importing Packages/com.unity.ml-agents/Third Party Notices.md using Guid(3fb7f1407083340b8921a0520b2d8870) Importer(815301076,1909f56bfc062723c751e8b465ee728b)  -> (artifact id: 'df53619c59f30a81642660e284f0308e') in 0.006188 seconds 
  Import took 0.118636 seconds .

========================================================================
Received Import Request.
  Time since last request: 2.296834 seconds.
  path: Packages/com.unity.ml-agents/LICENSE.md
  artifactKey: Guid(3b008ccfd571c4bc08e5ae283e73db3f) Importer(815301076,1909f56bfc062723c751e8b465ee728b)
Start importing Packages/com.unity.ml-agents/LICENSE.md using Guid(3b008ccfd571c4bc08e5ae283e73db3f) Importer(815301076,1909f56bfc062723c751e8b465ee728b)  -> (artifact id: '4ea6ce4f309ceb6fa70dfc6d86cbcccd') in 0.013417 seconds 
  Import took 0.017399 seconds .

========================================================================
Received Import Request.
  Time since last request: 0.000727 seconds.
  path: Packages/com.unity.ml-agents/LICENSE.md
  artifactKey: Guid(3b008ccfd571c4bc08e5ae283e73db3f) Importer(815301076,1909f56bfc062723c751e8b465ee728b)
Start importing Packages/com.unity.ml-agents/LICENSE.md using Guid(3b008ccfd571c4bc08e5ae283e73db3f) Importer(815301076,1909f56bfc062723c751e8b465ee728b)  -> (artifact id: '4ea6ce4f309ceb6fa70dfc6d86cbcccd') in 0.008542 seconds 
  Import took 0.013111 seconds .

========================================================================
Received Import Request.
  Time since last request: 1.601948 seconds.
  path: Packages/com.unity.ml-agents/Plugins
  artifactKey: Guid(694794cb53c6c4bfc9b84ca5022f4ae2) Importer(815301076,1909f56bfc062723c751e8b465ee728b)
Start importing Packages/com.unity.ml-agents/Plugins using Guid(694794cb53c6c4bfc9b84ca5022f4ae2) Importer(815301076,1909f56bfc062723c751e8b465ee728b)  -> (artifact id: '7c8e29f9dfcba880f9f2efdc8d07d87c') in 0.011007 seconds 
  Import took 0.014065 seconds .

========================================================================
Received Import Request.
  Time since last request: 22.124663 seconds.
  path: Assets/Scenes
  artifactKey: Guid(f028edf0d60de3f47b9492ec0c7eddc6) Importer(815301076,1909f56bfc062723c751e8b465ee728b)
Start importing Assets/Scenes using Guid(f028edf0d60de3f47b9492ec0c7eddc6) Importer(815301076,1909f56bfc062723c751e8b465ee728b)  -> (artifact id: '23b79e6cccc1972ef69070fe95b7d4e3') in 0.008198 seconds 
  Import took 0.011783 seconds .

========================================================================
Received Import Request.
  Time since last request: 15.377797 seconds.
  path: Packages/com.unity.ml-agents/Editor/Unity.ML-Agents.Editor.asmdef
  artifactKey: Guid(42675ddec8c314cf08d17ee0f6f5e5a5) Importer(815301076,1909f56bfc062723c751e8b465ee728b)
Start importing Packages/com.unity.ml-agents/Editor/Unity.ML-Agents.Editor.asmdef using Guid(42675ddec8c314cf08d17ee0f6f5e5a5) Importer(815301076,1909f56bfc062723c751e8b465ee728b)  -> (artifact id: '1c5dfda874c895466a339f463520302b') in 0.006319 seconds 
  Import took 0.009448 seconds .

========================================================================
Received Import Request.
  Time since last request: 0.000324 seconds.
  path: Packages/com.unity.ml-agents/Editor/UnityColors.colors
  artifactKey: Guid(b20b0226063034686a6cf92ade284285) Importer(815301076,1909f56bfc062723c751e8b465ee728b)
Start importing Packages/com.unity.ml-agents/Editor/UnityColors.colors using Guid(b20b0226063034686a6cf92ade284285) Importer(815301076,1909f56bfc062723c751e8b465ee728b)  -> (artifact id: '4c319874c80948447f00a77162ccb165') in 0.011506 seconds 
  Import took 0.014061 seconds .

========================================================================
Received Import Request.
  Time since last request: 6.038625 seconds.
  path: Packages/com.unity.ml-agents/Runtime/UnityAgentsException.cs
  artifactKey: Guid(e63e4a66d820245778f9a2abfa5b68e0) Importer(815301076,1909f56bfc062723c751e8b465ee728b)
Start importing Packages/com.unity.ml-agents/Runtime/UnityAgentsException.cs using Guid(e63e4a66d820245778f9a2abfa5b68e0) Importer(815301076,1909f56bfc062723c751e8b465ee728b)  -> (artifact id: '767c539130382ba957cbe60edf8c6405') in 0.018280 seconds 
  Import took 0.046945 seconds .

========================================================================
Received Import Request.
  Time since last request: 13.905319 seconds.
  path: Assets
  artifactKey: Guid(00000000000000001000000000000000) Importer(815301076,1909f56bfc062723c751e8b465ee728b)
Start importing Assets using Guid(00000000000000001000000000000000) Importer(815301076,1909f56bfc062723c751e8b465ee728b)  -> (artifact id: '42d402b061de3733987d63b9cc3b64de') in 0.015098 seconds 
  Import took 0.022383 seconds .

========================================================================
Received Import Request.
  Time since last request: 7.324699 seconds.
  path: Assets/New Folder
  artifactKey: Guid(e0756a60c81e91b4bbfc80c22fb63dc6) Importer(815301076,1909f56bfc062723c751e8b465ee728b)
Start importing Assets/New Folder using Guid(e0756a60c81e91b4bbfc80c22fb63dc6) Importer(815301076,1909f56bfc062723c751e8b465ee728b)  -> (artifact id: '9c9e2c593139ec3b74ce3a90a3cc9daa') in 0.012847 seconds 
  Import took 0.018669 seconds .

========================================================================
Received Import Request.
  Time since last request: 6.715505 seconds.
  path: Assets/FLAPPY BIRD3.fbx
  artifactKey: Guid(667a7f3d9996fcc448e77cbd71fbe60d) Importer(815301076,1909f56bfc062723c751e8b465ee728b)
Start importing Assets/FLAPPY BIRD3.fbx using Guid(667a7f3d9996fcc448e77cbd71fbe60d) Importer(815301076,1909f56bfc062723c751e8b465ee728b)  -> (artifact id: '50d0d7395e5901954382610319437942') in 0.874714 seconds 
  Import took 0.880435 seconds .

========================================================================
Received Import Request.
  Time since last request: 0.000338 seconds.
  path: Assets/pipe3.fbx
  artifactKey: Guid(98922735983b18e42bbb8d0868b4072f) Importer(815301076,1909f56bfc062723c751e8b465ee728b)
Start importing Assets/pipe3.fbx using Guid(98922735983b18e42bbb8d0868b4072f) Importer(815301076,1909f56bfc062723c751e8b465ee728b)  -> (artifact id: '3e2d3e293fc8a68fb19fb4ec036f94b3') in 0.027156 seconds 
  Import took 0.030762 seconds .

========================================================================
Received Import Request.
  Time since last request: 730.930673 seconds.
  path: Packages/com.unity.mathematics/package.json
  artifactKey: Guid(d34d0af25c21141a98c0cf3c0066444f) Importer(815301076,1909f56bfc062723c751e8b465ee728b)
Start importing Packages/com.unity.mathematics/package.json using Guid(d34d0af25c21141a98c0cf3c0066444f) Importer(815301076,1909f56bfc062723c751e8b465ee728b)  -> (artifact id: '421048e766e0d8e0b608a2d58a809366') in 0.351876 seconds 
  Import took 0.357330 seconds .

AssetImportWorkerClient::OnTransportError - code=2 error=End of file
